# JRE version: OpenJDK Runtime Environment (8.0_152-b08) (build 1.8.0_152-release-915-b08)
# Java VM: OpenJDK 64-Bit Server VM (25.152-b08 mixed mode bsd-amd64 compressed oops)
Heap:
 PSYoungGen      total 137216K, used 126464K [0x00000007a0000000, 0x00000007ac380000, 0x00000007c0000000)
  eden space 126464K, 100% used [0x00000007a0000000,0x00000007a7b80000,0x00000007a7b80000)
  from space 10752K, 0% used [0x00000007a8700000,0x00000007a8700000,0x00000007a9180000)
  to   space 11776K, 30% used [0x00000007a7b80000,0x00000007a7ef8210,0x00000007a8700000)
 ParOldGen       total 109056K, used 15413K [0x0000000760000000, 0x0000000766a80000, 0x00000007a0000000)
  object space 109056K, 14% used [0x0000000760000000,0x0000000760f0d698,0x0000000766a80000)
 Metaspace       used 45467K, capacity 46420K, committed 46680K, reserved 1089536K
  class space    used 6123K, capacity 6459K, committed 6528K, reserved 1048576K
GC Heap History (10 events):
Event: 3.672 GC heap after
Heap after GC invocations=4 (full 1):
 PSYoungGen      total 71680K, used 0K [0x00000007a0000000, 0x00000007a8c00000, 0x00000007c0000000)
  eden space 66560K, 0% used [0x00000007a0000000,0x00000007a0000000,0x00000007a4100000)
  from space 5120K, 0% used [0x00000007a4100000,0x00000007a4100000,0x00000007a4600000)
  to   space 5120K, 0% used [0x00000007a8700000,0x00000007a8700000,0x00000007a8c00000)
 ParOldGen       total 74752K, used 12501K [0x0000000760000000, 0x0000000764900000, 0x00000007a0000000)
  object space 74752K, 16% used [0x0000000760000000,0x0000000760c35560,0x0000000764900000)
 Metaspace       used 20699K, capacity 21128K, committed 21248K, reserved 1067008K
  class space    used 2880K, capacity 3037K, committed 3072K, reserved 1048576K
}
Event: 5.090 GC heap before
{Heap before GC invocations=5 (full 1):
 PSYoungGen      total 71680K, used 66560K [0x00000007a0000000, 0x00000007a8c00000, 0x00000007c0000000)
  eden space 66560K, 100% used [0x00000007a0000000,0x00000007a4100000,0x00000007a4100000)
  from space 5120K, 0% used [0x00000007a4100000,0x00000007a4100000,0x00000007a4600000)
  to   space 5120K, 0% used [0x00000007a8700000,0x00000007a8700000,0x00000007a8c00000)
 ParOldGen       total 74752K, used 12501K [0x0000000760000000, 0x0000000764900000, 0x00000007a0000000)
  object space 74752K, 16% used [0x0000000760000000,0x0000000760c35560,0x0000000764900000)
 Metaspace       used 25879K, capacity 26436K, committed 26624K, reserved 1073152K
  class space    used 3569K, capacity 3773K, committed 3840K, reserved 1048576K
Event: 5.108 GC heap after
Heap after GC invocations=5 (full 1):
 PSYoungGen      total 97280K, used 5116K [0x00000007a0000000, 0x00000007a8c00000, 0x00000007c0000000)
  eden space 92160K, 0% used [0x00000007a0000000,0x00000007a0000000,0x00000007a5a00000)
  from space 5120K, 99% used [0x00000007a8700000,0x00000007a8bff148,0x00000007a8c00000)
  to   space 5120K, 0% used [0x00000007a8200000,0x00000007a8200000,0x00000007a8700000)
 ParOldGen       total 74752K, used 14430K [0x0000000760000000, 0x0000000764900000, 0x00000007a0000000)
  object space 74752K, 19% used [0x0000000760000000,0x0000000760e17a90,0x0000000764900000)
 Metaspace       used 25879K, capacity 26436K, committed 26624K, reserved 1073152K
  class space    used 3569K, capacity 3773K, committed 3840K, reserved 1048576K
}
Event: 7.481 GC heap before
{Heap before GC invocations=6 (full 1):
 PSYoungGen      total 97280K, used 97276K [0x00000007a0000000, 0x00000007a8c00000, 0x00000007c0000000)
  eden space 92160K, 100% used [0x00000007a0000000,0x00000007a5a00000,0x00000007a5a00000)
  from space 5120K, 99% used [0x00000007a8700000,0x00000007a8bff148,0x00000007a8c00000)
  to   space 5120K, 0% used [0x00000007a8200000,0x00000007a8200000,0x00000007a8700000)
 ParOldGen       total 74752K, used 14430K [0x0000000760000000, 0x0000000764900000, 0x00000007a0000000)
  object space 74752K, 19% used [0x0000000760000000,0x0000000760e17a90,0x0000000764900000)
 Metaspace       used 30444K, capacity 31010K, committed 31360K, reserved 1077248K
  class space    used 4165K, capacity 4358K, committed 4480K, reserved 1048576K
Event: 7.502 GC heap after
Heap after GC invocations=6 (full 1):
 PSYoungGen      total 130560K, used 5104K [0x00000007a0000000, 0x00000007a9180000, 0x00000007c0000000)
  eden space 125440K, 0% used [0x00000007a0000000,0x00000007a0000000,0x00000007a7a80000)
  from space 5120K, 99% used [0x00000007a8200000,0x00000007a86fc010,0x00000007a8700000)
  to   space 10752K, 0% used [0x00000007a8700000,0x00000007a8700000,0x00000007a9180000)
 ParOldGen       total 74752K, used 17099K [0x0000000760000000, 0x0000000764900000, 0x00000007a0000000)
  object space 74752K, 22% used [0x0000000760000000,0x00000007610b2ce8,0x0000000764900000)
 Metaspace       used 30444K, capacity 31010K, committed 31360K, reserved 1077248K
  class space    used 4165K, capacity 4358K, committed 4480K, reserved 1048576K
}
Event: 8.354 GC heap before
{Heap before GC invocations=7 (full 1):
 PSYoungGen      total 130560K, used 35370K [0x00000007a0000000, 0x00000007a9180000, 0x00000007c0000000)
  eden space 125440K, 24% used [0x00000007a0000000,0x00000007a1d8eaf0,0x00000007a7a80000)
  from space 5120K, 99% used [0x00000007a8200000,0x00000007a86fc010,0x00000007a8700000)
  to   space 10752K, 0% used [0x00000007a8700000,0x00000007a8700000,0x00000007a9180000)
 ParOldGen       total 74752K, used 17099K [0x0000000760000000, 0x0000000764900000, 0x00000007a0000000)
  object space 74752K, 22% used [0x0000000760000000,0x00000007610b2ce8,0x0000000764900000)
 Metaspace       used 34660K, capacity 35288K, committed 35416K, reserved 1079296K
  class space    used 4727K, capacity 4962K, committed 4992K, reserved 1048576K
Event: 8.376 GC heap after
Heap after GC invocations=7 (full 1):
 PSYoungGen      total 137216K, used 8933K [0x00000007a0000000, 0x00000007ac380000, 0x00000007c0000000)
  eden space 126464K, 0% used [0x00000007a0000000,0x00000007a0000000,0x00000007a7b80000)
  from space 10752K, 83% used [0x00000007a8700000,0x00000007a8fb9430,0x00000007a9180000)
  to   space 11776K, 0% used [0x00000007a7b80000,0x00000007a7b80000,0x00000007a8700000)
 ParOldGen       total 74752K, used 17099K [0x0000000760000000, 0x0000000764900000, 0x00000007a0000000)
  object space 74752K, 22% used [0x0000000760000000,0x00000007610b2ce8,0x0000000764900000)
 Metaspace       used 34660K, capacity 35288K, committed 35416K, reserved 1079296K
  class space    used 4727K, capacity 4962K, committed 4992K, reserved 1048576K
}
Event: 8.376 GC heap before
{Heap before GC invocations=8 (full 2):
 PSYoungGen      total 137216K, used 8933K [0x00000007a0000000, 0x00000007ac380000, 0x00000007c0000000)
  eden space 126464K, 0% used [0x00000007a0000000,0x00000007a0000000,0x00000007a7b80000)
  from space 10752K, 83% used [0x00000007a8700000,0x00000007a8fb9430,0x00000007a9180000)
  to   space 11776K, 0% used [0x00000007a7b80000,0x00000007a7b80000,0x00000007a8700000)
 ParOldGen       total 74752K, used 17099K [0x0000000760000000, 0x0000000764900000, 0x00000007a0000000)
  object space 74752K, 22% used [0x0000000760000000,0x00000007610b2ce8,0x0000000764900000)
 Metaspace       used 34660K, capacity 35288K, committed 35416K, reserved 1079296K
  class space    used 4727K, capacity 4962K, committed 4992K, reserved 1048576K
Event: 8.518 GC heap after
Heap after GC invocations=8 (full 2):
 PSYoungGen      total 137216K, used 0K [0x00000007a0000000, 0x00000007ac380000, 0x00000007c0000000)
  eden space 126464K, 0% used [0x00000007a0000000,0x00000007a0000000,0x00000007a7b80000)
  from space 10752K, 0% used [0x00000007a8700000,0x00000007a8700000,0x00000007a9180000)
  to   space 11776K, 0% used [0x00000007a7b80000,0x00000007a7b80000,0x00000007a8700000)
 ParOldGen       total 109056K, used 15413K [0x0000000760000000, 0x0000000766a80000, 0x00000007a0000000)
  object space 109056K, 14% used [0x0000000760000000,0x0000000760f0d698,0x0000000766a80000)
 Metaspace       used 34660K, capacity 35288K, committed 35416K, reserved 1079296K
  class space    used 4727K, capacity 4962K, committed 4992K, reserved 1048576K
}
Event: 11.051 GC heap before
{Heap before GC invocations=9 (full 2):
 PSYoungGen      total 137216K, used 126464K [0x00000007a0000000, 0x00000007ac380000, 0x00000007c0000000)
  eden space 126464K, 100% used [0x00000007a0000000,0x00000007a7b80000,0x00000007a7b80000)
  from space 10752K, 0% used [0x00000007a8700000,0x00000007a8700000,0x00000007a9180000)
  to   space 11776K, 0% used [0x00000007a7b80000,0x00000007a7b80000,0x00000007a8700000)
 ParOldGen       total 109056K, used 15413K [0x0000000760000000, 0x0000000766a80000, 0x00000007a0000000)
  object space 109056K, 14% used [0x0000000760000000,0x0000000760f0d698,0x0000000766a80000)
 Metaspace       used 45467K, capacity 46420K, committed 46680K, reserved 1089536K
  class space    used 6123K, capacity 6459K, committed 6528K, reserved 1048576K

